current directory: /home/nitrous/hello/.bundle/gems/nokogiri-1.6.8.1/ext/nokogiri
/usr/local/opt/rbenv/versions/2.3.1/bin/ruby -r ./siteconf20161017-409-keyuaa.rb extconf.rb
checking if the C compiler accepts ... yes
Building nokogiri using packaged libraries.
Using mini_portile version 2.1.0
checking for gzdopen() in -lz... yes
checking for iconv... yes
************************************************************************
IMPORTANT NOTICE:

Building Nokogiri with a packaged version of libxml2-2.9.4.

Team Nokogiri will keep on doing their best to provide security
updates in a timely manner, but if this is a concern for you and want
to use the system library instead; abort this installation process and
reinstall nokogiri as follows:

    gem install nokogiri -- --use-system-libraries
        [--with-xml2-config=/path/to/xml2-config]
        [--with-xslt-config=/path/to/xslt-config]

If you are using Bundler, tell it to use the option:

    bundle config build.nokogiri --use-system-libraries
    bundle install

Note, however, that nokogiri is not fully compatible with arbitrary
versions of libxml2 provided by OS/package vendors.
************************************************************************
Extracting libxml2-2.9.4.tar.gz into tmp/x86_64-pc-linux-gnu/ports/libxml2/2.9.4... OK
Running 'configure' for libxml2 2.9.4... *** extconf.rb failed ***
Could not create Makefile due to some reason, probably lack of necessary
libraries and/or headers.  Check the mkmf.log file for more details.  You may
need configuration options.

Provided configuration options:
	--with-opt-dir
	--without-opt-dir
	--with-opt-include
	--without-opt-include=${opt-dir}/include
	--with-opt-lib
	--without-opt-lib=${opt-dir}/lib
	--with-make-prog
	--without-make-prog
	--srcdir=.
	--curdir
	--ruby=/usr/local/opt/rbenv/versions/2.3.1/bin/$(RUBY_BASE_NAME)
	--help
	--clean
	--use-system-libraries
	--enable-static
	--disable-static
	--with-zlib-dir
	--without-zlib-dir
	--with-zlib-include
	--without-zlib-include=${zlib-dir}/include
	--with-zlib-lib
	--without-zlib-lib=${zlib-dir}/lib
	--enable-cross-build
	--disable-cross-build
extconf.rb:257:in `chdir': No such file or directory @ dir_chdir - /home/nitrous/hello/.bundle/gems/nokogiri-1.6.8.1/ext/nokogiri (Errno::ENOENT)
	from extconf.rb:257:in `chdir_for_build'
	from extconf.rb:364:in `block in process_recipe'
	from extconf.rb:263:in `tap'
	from extconf.rb:263:in `process_recipe'
	from extconf.rb:556:in `<main>'

No such file or directory @ dir_chdir - /home/nitrous/hello
